Performing C SOURCE FILE Test CMAKE_HAVE_LIBC_PTHREAD failed with the following output:
Change Dir: /home/prodevmo/Desktop/MathematischeAlgorithmenSS2022/src/graph_library/cmake-build-debug/CMakeFiles/CMakeTmp

Run Build Command(s):/usr/bin/make -f Makefile cmTC_de83a/fast && /usr/bin/make  -f CMakeFiles/cmTC_de83a.dir/build.make CMakeFiles/cmTC_de83a.dir/build
make[1]: Entering directory '/home/prodevmo/Desktop/MathematischeAlgorithmenSS2022/src/graph_library/cmake-build-debug/CMakeFiles/CMakeTmp'
Building C object CMakeFiles/cmTC_de83a.dir/src.c.o
/usr/bin/cc -DCMAKE_HAVE_LIBC_PTHREAD   -o CMakeFiles/cmTC_de83a.dir/src.c.o -c /home/prodevmo/Desktop/MathematischeAlgorithmenSS2022/src/graph_library/cmake-build-debug/CMakeFiles/CMakeTmp/src.c
Linking C executable cmTC_de83a
/home/prodevmo/.local/share/JetBrains/Toolbox/apps/CLion/ch-0/213.7172.20/bin/cmake/linux/bin/cmake -E cmake_link_script CMakeFiles/cmTC_de83a.dir/link.txt --verbose=1
/usr/bin/cc CMakeFiles/cmTC_de83a.dir/src.c.o -o cmTC_de83a 
/usr/bin/ld: CMakeFiles/cmTC_de83a.dir/src.c.o: in function `main':
src.c:(.text+0x46): undefined reference to `pthread_create'
/usr/bin/ld: src.c:(.text+0x52): undefined reference to `pthread_detach'
/usr/bin/ld: src.c:(.text+0x5e): undefined reference to `pthread_cancel'
/usr/bin/ld: src.c:(.text+0x6f): undefined reference to `pthread_join'
collect2: error: ld returned 1 exit status
make[1]: *** [CMakeFiles/cmTC_de83a.dir/build.make:99: cmTC_de83a] Error 1
make[1]: Leaving directory '/home/prodevmo/Desktop/MathematischeAlgorithmenSS2022/src/graph_library/cmake-build-debug/CMakeFiles/CMakeTmp'
make: *** [Makefile:127: cmTC_de83a/fast] Error 2


Source file was:
#include <pthread.h>

static void* test_func(void* data)
{
  return data;
}

int main(void)
{
  pthread_t thread;
  pthread_create(&thread, NULL, test_func, NULL);
  pthread_detach(thread);
  pthread_cancel(thread);
  pthread_join(thread, NULL);
  pthread_atfork(NULL, NULL, NULL);
  pthread_exit(NULL);

  return 0;
}

Determining if the function pthread_create exists in the pthreads failed with the following output:
Change Dir: /home/prodevmo/Desktop/MathematischeAlgorithmenSS2022/src/graph_library/cmake-build-debug/CMakeFiles/CMakeTmp

Run Build Command(s):/usr/bin/make -f Makefile cmTC_78785/fast && /usr/bin/make  -f CMakeFiles/cmTC_78785.dir/build.make CMakeFiles/cmTC_78785.dir/build
make[1]: Entering directory '/home/prodevmo/Desktop/MathematischeAlgorithmenSS2022/src/graph_library/cmake-build-debug/CMakeFiles/CMakeTmp'
Building C object CMakeFiles/cmTC_78785.dir/CheckFunctionExists.c.o
/usr/bin/cc   -DCHECK_FUNCTION_EXISTS=pthread_create -o CMakeFiles/cmTC_78785.dir/CheckFunctionExists.c.o -c /home/prodevmo/.local/share/JetBrains/Toolbox/apps/CLion/ch-0/213.7172.20/bin/cmake/linux/share/cmake-3.21/Modules/CheckFunctionExists.c
Linking C executable cmTC_78785
/home/prodevmo/.local/share/JetBrains/Toolbox/apps/CLion/ch-0/213.7172.20/bin/cmake/linux/bin/cmake -E cmake_link_script CMakeFiles/cmTC_78785.dir/link.txt --verbose=1
/usr/bin/cc  -DCHECK_FUNCTION_EXISTS=pthread_create CMakeFiles/cmTC_78785.dir/CheckFunctionExists.c.o -o cmTC_78785  -lpthreads 
/usr/bin/ld: cannot find -lpthreads
collect2: error: ld returned 1 exit status
make[1]: *** [CMakeFiles/cmTC_78785.dir/build.make:99: cmTC_78785] Error 1
make[1]: Leaving directory '/home/prodevmo/Desktop/MathematischeAlgorithmenSS2022/src/graph_library/cmake-build-debug/CMakeFiles/CMakeTmp'
make: *** [Makefile:127: cmTC_78785/fast] Error 2



